生成启动时间为 26/12/2019 22:20:44。
     1>项目“C:\Users\zhang\Documents\ZSL4Ges\Zeroshot_wwWave_CLI\mmWaveScript\IWR1642\ti\example\mmwavelink_example\mmwavelink_example.vcxproj”在节点 2 上(Rebuild 个目标)。
     1>ClCompile:
         C:\Program Files (x86)\Microsoft Visual Studio 12.0\VC\bin\CL.exe /c /IC:\Users\zhang\Documents\ZSL4Ges\Zeroshot_wwWave_CLI\mmWaveScript\IWR1642\ti\example\mmwavelink_example\\..\platform\mmwlstudio\ /IC:\Users\zhang\Documents\ZSL4Ges\Zeroshot_wwWave_CLI\mmWaveScript\IWR1642\ti\example\mmwavelink_example\\..\..\..\ /IC:\Users\zhang\Documents\ZSL4Ges\Zeroshot_wwWave_CLI\mmWaveScript\IWR1642\ti\example\mmwavelink_example\\..\..\..\firmware\radarss\ /IC:\Users\zhang\Documents\ZSL4Ges\Zeroshot_wwWave_CLI\mmWaveScript\IWR1642\ti\example\mmwavelink_example\\..\..\..\firmware\masterss\ /ZI /nologo /W3 /WX- /sdl /Od /Oy- /D WIN32 /D _DEBUG /D _CONSOLE /D _LIB /D FIRMWARE_DOWNLOAD /D _CRT_SECURE_NO_WARNINGS /D _UNICODE /D UNICODE /Gm /EHsc /RTC1 /MDd /GS /fp:precise /Zc:wchar_t /Zc:forScope /Fo"Debug\\" /Fd"Debug\vc120.pdb" /Gd /TC /analyze- /errorReport:prompt crc_compute.c mmw_config.c mmw_example.c
         mmw_example.c
     1>c:\users\zhang\documents\zsl4ges\zeroshot_wwwave_cli\mmwavescript\iwr1642\ti\control\mmwavelink\mmwavelink.h(2310): warning C4819: 该文件包含不能在当前代码页(936)中表示的字符。请将该文件保存为 Unicode 格式以防止数据丢失
     1>c:\users\zhang\documents\zsl4ges\zeroshot_wwwave_cli\mmwavescript\iwr1642\ti\control\mmwavelink\include\rl_device.h : warning C4819: 该文件包含不能在当前代码页(936)中表示的字符。请将该文件保存为 Unicode 格式以防止数据丢失
     1>c:\users\zhang\documents\zsl4ges\zeroshot_wwwave_cli\mmwavescript\iwr1642\ti\control\mmwavelink\include\rl_sensor.h(2967): warning C4819: 该文件包含不能在当前代码页(936)中表示的字符。请将该文件保存为 Unicode 格式以防止数据丢失
     1>c:\users\zhang\documents\zsl4ges\zeroshot_wwwave_cli\mmwavescript\iwr1642\ti\control\mmwavelink\include\rl_sensor.h(3716): warning C4819: 该文件包含不能在当前代码页(936)中表示的字符。请将该文件保存为 Unicode 格式以防止数据丢失
         mmw_config.c
     1>c:\users\zhang\documents\zsl4ges\zeroshot_wwwave_cli\mmwavescript\iwr1642\ti\control\mmwavelink\mmwavelink.h(2310): warning C4819: 该文件包含不能在当前代码页(936)中表示的字符。请将该文件保存为 Unicode 格式以防止数据丢失
     1>c:\users\zhang\documents\zsl4ges\zeroshot_wwwave_cli\mmwavescript\iwr1642\ti\control\mmwavelink\include\rl_device.h : warning C4819: 该文件包含不能在当前代码页(936)中表示的字符。请将该文件保存为 Unicode 格式以防止数据丢失
     1>c:\users\zhang\documents\zsl4ges\zeroshot_wwwave_cli\mmwavescript\iwr1642\ti\control\mmwavelink\include\rl_sensor.h(2967): warning C4819: 该文件包含不能在当前代码页(936)中表示的字符。请将该文件保存为 Unicode 格式以防止数据丢失
     1>c:\users\zhang\documents\zsl4ges\zeroshot_wwwave_cli\mmwavescript\iwr1642\ti\control\mmwavelink\include\rl_sensor.h(3716): warning C4819: 该文件包含不能在当前代码页(936)中表示的字符。请将该文件保存为 Unicode 格式以防止数据丢失
         crc_compute.c
         正在生成代码...
       Link:
         C:\Program Files (x86)\Microsoft Visual Studio 12.0\VC\bin\link.exe /ERRORREPORT:PROMPT /OUT:"C:\Users\zhang\Documents\ZSL4Ges\Zeroshot_wwWave_CLI\mmWaveScript\IWR1642\ti\example\mmwavelink_example\Debug\mmwavelink_example.exe" /INCREMENTAL:NO /NOLOGO /LIBPATH:C:\Users\zhang\Documents\ZSL4Ges\Zeroshot_wwWave_CLI\mmWaveScript\IWR1642\ti\example\mmwavelink_example\\Debug\ C:\Users\zhang\Documents\ZSL4Ges\Zeroshot_wwWave_CLI\mmWaveScript\IWR1642\ti\example\mmwavelink_example\\..\platform\mmwlstudio\mmwlstudio.lib C:\Users\zhang\Documents\ZSL4Ges\Zeroshot_wwWave_CLI\mmWaveScript\IWR1642\ti\example\mmwavelink_example\\..\..\control\mmwavelink\vs\Debug\mmwavelink.lib kernel32.lib user32.lib gdi32.lib winspool.lib comdlg32.lib advapi32.lib shell32.lib ole32.lib oleaut32.lib uuid.lib odbc32.lib odbccp32.lib /MANIFEST /MANIFESTUAC:"level='asInvoker' uiAccess='false'" /manifest:embed /DEBUG /PDB:"C:\Users\zhang\Documents\ZSL4Ges\Zeroshot_wwWave_CLI\mmWaveScript\IWR1642\ti\example\mmwavelink_example\Debug\mmwavelink_example.pdb" /SUBSYSTEM:CONSOLE /TLBID:1 /DYNAMICBASE /NXCOMPAT /IMPLIB:"C:\Users\zhang\Documents\ZSL4Ges\Zeroshot_wwWave_CLI\mmWaveScript\IWR1642\ti\example\mmwavelink_example\Debug\mmwavelink_example.lib" /MACHINE:X86 Debug\crc_compute.obj
         Debug\mmw_config.obj
         Debug\mmw_example.obj
     1>crc_compute.obj : warning LNK4075: 忽略“/EDITANDCONTINUE”(由于“/OPT:LBR”规范)
            正在创建库 C:\Users\zhang\Documents\ZSL4Ges\Zeroshot_wwWave_CLI\mmWaveScript\IWR1642\ti\example\mmwavelink_example\Debug\mmwavelink_example.lib 和对象 C:\Users\zhang\Documents\ZSL4Ges\Zeroshot_wwWave_CLI\mmWaveScript\IWR1642\ti\example\mmwavelink_example\Debug\mmwavelink_example.exp
     1>LINK : warning LNK4098: 默认库“MSVCRT”与其他库的使用冲突；请使用 /NODEFAULTLIB:library
     1>mmwlstudio.lib(rls_osi.obj) : warning LNK4099: 未找到 PDB“vc100.pdb”(使用“mmwlstudio.lib(rls_osi.obj)”或在“C:\Users\zhang\Documents\ZSL4Ges\Zeroshot_wwWave_CLI\mmWaveScript\IWR1642\ti\example\mmwavelink_example\Debug\vc100.pdb”中寻找)；正在链接对象，如同没有调试信息一样
     1>mmwlstudio.lib(rls_studio.obj) : warning LNK4099: 未找到 PDB“vc100.pdb”(使用“mmwlstudio.lib(rls_studio.obj)”或在“C:\Users\zhang\Documents\ZSL4Ges\Zeroshot_wwWave_CLI\mmWaveScript\IWR1642\ti\example\mmwavelink_example\Debug\vc100.pdb”中寻找)；正在链接对象，如同没有调试信息一样
         mmwavelink_example.vcxproj -> C:\Users\zhang\Documents\ZSL4Ges\Zeroshot_wwWave_CLI\mmWaveScript\IWR1642\ti\example\mmwavelink_example\Debug\mmwavelink_example.exe
     1>已完成生成项目“C:\Users\zhang\Documents\ZSL4Ges\Zeroshot_wwWave_CLI\mmWaveScript\IWR1642\ti\example\mmwavelink_example\mmwavelink_example.vcxproj”(Rebuild 个目标)的操作。

生成成功。

已用时间 00:00:01.93
